<?xml version="1.0" encoding="UTF-8"?>
<!-- Generated by org.testng.reporters.JUnitXMLReporter -->
<testsuite hostname="CND4494LJG" ignored="0" name="Default test" tests="4" failures="0" timestamp="29 Mar 2018 00:28:21 GMT" time="29.788" errors="0">
  <testcase name="tc1_URL1_positive" time="3.37" classname="pack.NewTest"/>
  <testcase name="tc2_URL1_positive" time="3.201" classname="pack.NewTest"/>
  <testcase name="tc3_URL1_positive" time="3.408" classname="pack.NewTest"/>
  <testcase name="tc4_URL1_positive" time="3.377" classname="pack.NewTest"/>
</testsuite> <!-- Default test -->
