<?xml version="1.0" encoding="UTF-8"?>
<testng-results skipped="0" failed="0" ignored="0" total="4" passed="4">
  <reporter-output>
  </reporter-output>
  <suite name="Default suite" duration-ms="29788" started-at="2018-03-29T00:27:51Z" finished-at="2018-03-29T00:28:21Z">
    <groups>
    </groups>
    <test name="Default test" duration-ms="29788" started-at="2018-03-29T00:27:51Z" finished-at="2018-03-29T00:28:21Z">
      <class name="pack.NewTest">
        <test-method status="PASS" signature="beforeClass()[pri:0, instance:pack.NewTest@39aeed2f]" name="beforeClass" is-config="true" duration-ms="12660" started-at="2018-03-29T00:27:51Z" finished-at="2018-03-29T00:28:04Z">
          <reporter-output>
          </reporter-output>
        </test-method> <!-- beforeClass -->
        <test-method status="PASS" signature="tc1_URL1_positive()[pri:1, instance:pack.NewTest@39aeed2f]" name="tc1_URL1_positive" duration-ms="3370" started-at="2018-03-29T00:28:04Z" finished-at="2018-03-29T00:28:07Z">
          <reporter-output>
          </reporter-output>
        </test-method> <!-- tc1_URL1_positive -->
        <test-method status="PASS" signature="tc2_URL1_positive()[pri:2, instance:pack.NewTest@39aeed2f]" name="tc2_URL1_positive" duration-ms="3201" started-at="2018-03-29T00:28:07Z" finished-at="2018-03-29T00:28:10Z">
          <reporter-output>
          </reporter-output>
        </test-method> <!-- tc2_URL1_positive -->
        <test-method status="PASS" signature="tc3_URL1_positive()[pri:3, instance:pack.NewTest@39aeed2f]" name="tc3_URL1_positive" duration-ms="3408" started-at="2018-03-29T00:28:10Z" finished-at="2018-03-29T00:28:14Z">
          <reporter-output>
          </reporter-output>
        </test-method> <!-- tc3_URL1_positive -->
        <test-method status="PASS" signature="tc4_URL1_positive()[pri:4, instance:pack.NewTest@39aeed2f]" name="tc4_URL1_positive" duration-ms="3377" started-at="2018-03-29T00:28:14Z" finished-at="2018-03-29T00:28:17Z">
          <reporter-output>
          </reporter-output>
        </test-method> <!-- tc4_URL1_positive -->
        <test-method status="PASS" signature="afterClass()[pri:0, instance:pack.NewTest@39aeed2f]" name="afterClass" is-config="true" duration-ms="3708" started-at="2018-03-29T00:28:17Z" finished-at="2018-03-29T00:28:21Z">
          <reporter-output>
          </reporter-output>
        </test-method> <!-- afterClass -->
      </class> <!-- pack.NewTest -->
    </test> <!-- Default test -->
  </suite> <!-- Default suite -->
</testng-results>
